<?xml version="1.0" encoding="UTF-8"?>
<!-- Generated by org.testng.reporters.JUnitReportReporter -->
<testsuite hostname="INSISCSLT300539" name="com.mongodb.trial.test.PrivateMethodAccessTest" tests="1" failures="0" timestamp="25 Feb 2016 16:39:16 GMT" time="0.021" errors="0">
  <testcase name="testAccess" time="0.021" classname="com.mongodb.trial.test.PrivateMethodAccessTest"/>
</testsuite> <!-- com.mongodb.trial.test.PrivateMethodAccessTest -->
