<?xml version="1.0" encoding="UTF-8"?>
<!-- Generated by org.testng.reporters.JUnitReportReporter -->
<testsuite hostname="INSISCSLT300539" name="com.mongodb.trial.test.TestCRUDSync" tests="1" failures="0" timestamp="25 Feb 2016 16:39:28 GMT" time="0.876" errors="0">
  <testcase name="testInsert" time="0.876" classname="com.mongodb.trial.test.TestCRUDSync"/>
</testsuite> <!-- com.mongodb.trial.test.TestCRUDSync -->
