<?xml version="1.0" encoding="UTF-8"?>
<!-- Generated by org.testng.reporters.JUnitReportReporter -->
<testsuite hostname="INSISCSLT300539" name="com.mongodb.trial.test.TestCRUDSync" tests="1" failures="1" timestamp="26 Feb 2016 07:01:18 GMT" time="0.765" errors="0">
  <testcase name="testInsert" time="0.765" classname="com.mongodb.trial.test.TestCRUDSync">
    <failure type="java.lang.IllegalArgumentException" message="readPreference can not be null">
      <![CDATA[java.lang.IllegalArgumentException: readPreference can not be null
	at com.mongodb.assertions.Assertions.notNull(Assertions.java:37)
	at com.mongodb.async.client.MongoCollectionImpl.<init>(MongoCollectionImpl.java:98)
	at com.mongodb.async.client.MongoCollectionImpl.withReadPreference(MongoCollectionImpl.java:140)
	at com.mongodb.trial.impl.MongoAsyncDAO.<init>(MongoAsyncDAO.java:37)
	at com.mongodb.trial.impl.MongoAsyncDAO.<init>(MongoAsyncDAO.java:29)
	at com.mongodb.trial.impl.MongoAsyncDAO$Builder.build(MongoAsyncDAO.java:54)
	at com.mongodb.trial.test.TestCRUDSync.testInsert(TestCRUDSync.java:15)
	at sun.reflect.NativeMethodAccessorImpl.invoke0(Native Method)
	at sun.reflect.NativeMethodAccessorImpl.invoke(NativeMethodAccessorImpl.java:62)
	at sun.reflect.DelegatingMethodAccessorImpl.invoke(DelegatingMethodAccessorImpl.java:43)
	at java.lang.reflect.Method.invoke(Method.java:497)
	at org.testng.internal.MethodInvocationHelper.invokeMethod(MethodInvocationHelper.java:84)
	at org.testng.internal.Invoker.invokeMethod(Invoker.java:714)
	at org.testng.internal.Invoker.invokeTestMethod(Invoker.java:901)
	at org.testng.internal.Invoker.invokeTestMethods(Invoker.java:1231)
	at org.testng.internal.TestMethodWorker.invokeTestMethods(TestMethodWorker.java:127)
	at org.testng.internal.TestMethodWorker.run(TestMethodWorker.java:111)
	at org.testng.TestRunner.privateRun(TestRunner.java:767)
	at org.testng.TestRunner.run(TestRunner.java:617)
	at org.testng.SuiteRunner.runTest(SuiteRunner.java:334)
	at org.testng.SuiteRunner.runSequentially(SuiteRunner.java:329)
	at org.testng.SuiteRunner.privateRun(SuiteRunner.java:291)
	at org.testng.SuiteRunner.run(SuiteRunner.java:240)
	at org.testng.SuiteRunnerWorker.runSuite(SuiteRunnerWorker.java:52)
	at org.testng.SuiteRunnerWorker.run(SuiteRunnerWorker.java:86)
	at org.testng.TestNG.runSuitesSequentially(TestNG.java:1224)
	at org.testng.TestNG.runSuitesLocally(TestNG.java:1149)
	at org.testng.TestNG.run(TestNG.java:1057)
	at org.testng.remote.RemoteTestNG.run(RemoteTestNG.java:111)
	at org.testng.remote.RemoteTestNG.initAndRun(RemoteTestNG.java:204)
	at org.testng.remote.RemoteTestNG.main(RemoteTestNG.java:175)
]]>
    </failure>
  </testcase> <!-- testInsert -->
</testsuite> <!-- com.mongodb.trial.test.TestCRUDSync -->
